2026-04-08 17:16:42.650831: E external/local_xla/xla/stream_executor/cuda/cuda_fft.cc:477] Unable to register cuFFT factory: Attempting to register factory for plugin cuFFT when one has already been registered
WARNING: All log messages before absl::InitializeLog() is called are written to STDERR
E0000 00:00:1775683003.145538 2107668 cuda_dnn.cc:8310] Unable to register cuDNN factory: Attempting to register factory for plugin cuDNN when one has already been registered
E0000 00:00:1775683003.276763 2107668 cuda_blas.cc:1418] Unable to register cuBLAS factory: Attempting to register factory for plugin cuBLAS when one has already been registered
TensorFlow version: 2.18.0
Executing eagerly? True
W0000 00:00:1775683012.929622 2107668 gpu_device.cc:2344] Cannot dlopen some GPU libraries. Please make sure the missing libraries mentioned above are installed properly if you would like to use GPU. Follow the guide at https://www.tensorflow.org/install/gpu for how to download and setup the required libraries for your platform.
Skipping registering GPU devices...
Number of GPUs: 0

Loading pickle files...
/users/PHS0392/shahzebali55/chirality/b7.py:61: DeprecationWarning: numpy.core.numeric is deprecated and has been renamed to numpy._core.numeric. The numpy._core namespace contains private NumPy internals and its use is discouraged, as NumPy internals can change without warning in any release. In practice, most real-world usage of numpy.core is to access functionality in the public NumPy API. If that is the case, use the public NumPy API. If not, you are using NumPy internals. If you would still like to access an internal attribute, use numpy._core.numeric._frombuffer.
  return pickle.load(f)
/users/PHS0392/shahzebali55/chirality/b7.py:61: DeprecationWarning: numpy.core.numeric is deprecated and has been renamed to numpy._core.numeric. The numpy._core namespace contains private NumPy internals and its use is discouraged, as NumPy internals can change without warning in any release. In practice, most real-world usage of numpy.core is to access functionality in the public NumPy API. If that is the case, use the public NumPy API. If not, you are using NumPy internals. If you would still like to access an internal attribute, use numpy._core.numeric._frombuffer.
  return pickle.load(f)
/users/PHS0392/shahzebali55/chirality/b7.py:61: DeprecationWarning: numpy.core.numeric is deprecated and has been renamed to numpy._core.numeric. The numpy._core namespace contains private NumPy internals and its use is discouraged, as NumPy internals can change without warning in any release. In practice, most real-world usage of numpy.core is to access functionality in the public NumPy API. If that is the case, use the public NumPy API. If not, you are using NumPy internals. If you would still like to access an internal attribute, use numpy._core.numeric._frombuffer.
  return pickle.load(f)
Loaded:
train size: 234622
val size: 49878
test size: 50571

Building molecule lists...
<class 'list'> <class 'numpy.ndarray'>
<class 'list'> <class 'numpy.ndarray'>
<class 'list'> <class 'numpy.ndarray'>
234622 234622
49878 49878
50571 50571

Loading large arrays with mmap_mode='r' ...
ws_train shape: (234622, 29)
ws_val shape: (49878, 29)
ws_test shape: (50571, 29)
atom_embeddings_train shape: (234622, 29, 29, 20)
atom_embeddings_val shape: (49878, 29, 29, 20)
atom_embeddings_test shape: (50571, 29, 29, 20)
coulomb_train shape: (234622, 29, 29, 29)
coulomb_val shape: (49878, 29, 29, 29)
coulomb_test shape: (50571, 29, 29, 29)

Computing training property statistics...
Property mean: [   2.7222798   13.038619     3.7305295   14.363304    74.398254
 1157.7836     136.5975       7.5528274]
Property std: [  0.32850236   3.0516195    0.82012695   1.0345381    5.7215223
 133.24168     55.72916      5.0955734 ]
{'Nfeatures': 15, 'baselayers': 3, 'batch_size': 16, 'd_ff': 64, 'd_k': 32, 'd_v': 32, 'endlayers': 5, 'learning_rate': 0.0005, 'num_blocks': 3}
RUN 1/2 → 0.7204
{'Nfeatures': 15, 'baselayers': 3, 'batch_size': 16, 'd_ff': 64, 'd_k': 32, 'd_v': 32, 'endlayers': 2, 'learning_rate': 0.0005, 'num_blocks': 3}
RUN 2/2 → 0.7175

BEST RESULT:
{'Nfeatures': 15, 'baselayers': 3, 'batch_size': 16, 'd_ff': 64, 'd_k': 32, 'd_v': 32, 'endlayers': 5, 'learning_rate': 0.0005, 'num_blocks': 3, 'test_acc': '0.7204'}
